<?xml version="1.0" encoding="UTF-8"?>
<testng-results ignored="0" total="2" passed="2" failed="0" skipped="0">
  <reporter-output>
  </reporter-output>
  <suite started-at="2022-12-06T19:51:40 IST" name="Suite" finished-at="2022-12-06T19:53:44 IST" duration-ms="124448">
    <groups>
    </groups>
    <test started-at="2022-12-06T19:51:40 IST" name="ChromeTest" finished-at="2022-12-06T19:52:46 IST" duration-ms="66231">
      <class name="edxProject123.crossBrowserTest">
        <test-method is-config="true" signature="beforeTest(java.lang.String)[pri:0, instance:edxProject123.crossBrowserTest@79924b]" started-at="2022-12-06T19:51:40 IST" name="beforeTest" finished-at="2022-12-06T19:51:49 IST" duration-ms="9446" status="PASS">
          <params>
            <param index="0">
              <value>
                <![CDATA[Chrome]]>
              </value>
            </param>
          </params>
          <reporter-output>
          </reporter-output>
        </test-method> <!-- beforeTest -->
        <test-method is-config="true" signature="beforeClass()[pri:0, instance:edxProject123.crossBrowserTest@79924b]" started-at="2022-12-06T19:51:49 IST" name="beforeClass" finished-at="2022-12-06T19:51:49 IST" duration-ms="117" status="PASS">
          <reporter-output>
          </reporter-output>
        </test-method> <!-- beforeClass -->
        <test-method is-config="true" signature="beforeMethod()[pri:0, instance:edxProject123.crossBrowserTest@79924b]" started-at="2022-12-06T19:51:49 IST" name="beforeMethod" finished-at="2022-12-06T19:51:55 IST" duration-ms="5091" status="PASS">
          <reporter-output>
          </reporter-output>
        </test-method> <!-- beforeMethod -->
        <test-method signature="test1()[pri:0, instance:edxProject123.crossBrowserTest@79924b]" started-at="2022-12-06T19:51:55 IST" name="test1" finished-at="2022-12-06T19:52:13 IST" duration-ms="18224" status="PASS">
          <reporter-output>
          </reporter-output>
        </test-method> <!-- test1 -->
        <test-method is-config="true" signature="afterMethod()[pri:0, instance:edxProject123.crossBrowserTest@79924b]" started-at="2022-12-06T19:52:13 IST" name="afterMethod" finished-at="2022-12-06T19:52:46 IST" duration-ms="33059" status="PASS">
          <reporter-output>
          </reporter-output>
        </test-method> <!-- afterMethod -->
        <test-method is-config="true" signature="afterClass()[pri:0, instance:edxProject123.crossBrowserTest@79924b]" started-at="2022-12-06T19:52:46 IST" name="afterClass" finished-at="2022-12-06T19:52:46 IST" duration-ms="1" status="PASS">
          <reporter-output>
          </reporter-output>
        </test-method> <!-- afterClass -->
        <test-method is-config="true" signature="afterTest()[pri:0, instance:edxProject123.crossBrowserTest@79924b]" started-at="2022-12-06T19:52:46 IST" name="afterTest" finished-at="2022-12-06T19:52:46 IST" duration-ms="217" status="PASS">
          <reporter-output>
          </reporter-output>
        </test-method> <!-- afterTest -->
      </class> <!-- edxProject123.crossBrowserTest -->
    </test> <!-- ChromeTest -->
    <test started-at="2022-12-06T19:52:46 IST" name="FirefoxTest" finished-at="2022-12-06T19:53:44 IST" duration-ms="57995">
      <class name="edxProject123.crossBrowserTest">
        <test-method is-config="true" signature="beforeTest(java.lang.String)[pri:0, instance:edxProject123.crossBrowserTest@747ddf94]" started-at="2022-12-06T19:52:46 IST" name="beforeTest" finished-at="2022-12-06T19:53:00 IST" duration-ms="14058" status="PASS">
          <params>
            <param index="0">
              <value>
                <![CDATA[Firefox]]>
              </value>
            </param>
          </params>
          <reporter-output>
          </reporter-output>
        </test-method> <!-- beforeTest -->
        <test-method is-config="true" signature="beforeClass()[pri:0, instance:edxProject123.crossBrowserTest@747ddf94]" started-at="2022-12-06T19:53:00 IST" name="beforeClass" finished-at="2022-12-06T19:53:00 IST" duration-ms="1" status="PASS">
          <reporter-output>
          </reporter-output>
        </test-method> <!-- beforeClass -->
        <test-method is-config="true" signature="beforeMethod()[pri:0, instance:edxProject123.crossBrowserTest@747ddf94]" started-at="2022-12-06T19:53:00 IST" name="beforeMethod" finished-at="2022-12-06T19:53:07 IST" duration-ms="6325" status="PASS">
          <reporter-output>
          </reporter-output>
        </test-method> <!-- beforeMethod -->
        <test-method signature="test1()[pri:0, instance:edxProject123.crossBrowserTest@747ddf94]" started-at="2022-12-06T19:53:07 IST" name="test1" finished-at="2022-12-06T19:53:44 IST" duration-ms="37322" status="PASS">
          <reporter-output>
          </reporter-output>
        </test-method> <!-- test1 -->
        <test-method is-config="true" signature="afterMethod()[pri:0, instance:edxProject123.crossBrowserTest@747ddf94]" started-at="2022-12-06T19:53:44 IST" name="afterMethod" finished-at="2022-12-06T19:53:44 IST" duration-ms="262" status="FAIL">
          <exception class="org.openqa.selenium.NoSuchWindowException">
            <message>
              <![CDATA[Browsing context has been discarded
Build info: version: '3.141.59', revision: 'e82be7d358', time: '2018-11-14T08:17:03'
System info: host: 'DELL-PC', ip: '192.168.43.48', os.name: 'Windows 7', os.arch: 'amd64', os.version: '6.1', java.version: '18.0.2'
Driver info: org.openqa.selenium.firefox.FirefoxDriver
Capabilities {acceptInsecureCerts: true, browserName: firefox, browserVersion: 107.0, javascriptEnabled: true, moz:accessibilityChecks: false, moz:buildID: 20221110173214, moz:geckodriverVersion: 0.32.0, moz:headless: false, moz:platformVersion: 6.1, moz:processID: 2856, moz:profile: C:\Users\dell\AppData\Local..., moz:shutdownTimeout: 60000, moz:useNonSpecCompliantPointerOrigin: false, moz:webdriverClick: true, moz:windowless: false, pageLoadStrategy: normal, platform: WINDOWS, platformName: WINDOWS, proxy: Proxy(), setWindowRect: true, strictFileInteractability: false, timeouts: {implicit: 0, pageLoad: 300000, script: 30000}, unhandledPromptBehavior: dismiss and notify}
Session ID: c26aa1cd-bb92-41ba-a59c-11412a76eec7
*** Element info: {Using=xpath, value=//span[@class='fa fa-caret-down']}]]>
            </message>
            <full-stacktrace>
              <![CDATA[org.openqa.selenium.NoSuchWindowException: Browsing context has been discarded
Build info: version: '3.141.59', revision: 'e82be7d358', time: '2018-11-14T08:17:03'
System info: host: 'DELL-PC', ip: '192.168.43.48', os.name: 'Windows 7', os.arch: 'amd64', os.version: '6.1', java.version: '18.0.2'
Driver info: org.openqa.selenium.firefox.FirefoxDriver
Capabilities {acceptInsecureCerts: true, browserName: firefox, browserVersion: 107.0, javascriptEnabled: true, moz:accessibilityChecks: false, moz:buildID: 20221110173214, moz:geckodriverVersion: 0.32.0, moz:headless: false, moz:platformVersion: 6.1, moz:processID: 2856, moz:profile: C:\Users\dell\AppData\Local..., moz:shutdownTimeout: 60000, moz:useNonSpecCompliantPointerOrigin: false, moz:webdriverClick: true, moz:windowless: false, pageLoadStrategy: normal, platform: WINDOWS, platformName: WINDOWS, proxy: Proxy(), setWindowRect: true, strictFileInteractability: false, timeouts: {implicit: 0, pageLoad: 300000, script: 30000}, unhandledPromptBehavior: dismiss and notify}
Session ID: c26aa1cd-bb92-41ba-a59c-11412a76eec7
*** Element info: {Using=xpath, value=//span[@class='fa fa-caret-down']}
at java.base/jdk.internal.reflect.DirectConstructorHandleAccessor.newInstance(DirectConstructorHandleAccessor.java:67)
at java.base/java.lang.reflect.Constructor.newInstanceWithCaller(Constructor.java:499)
at java.base/java.lang.reflect.Constructor.newInstance(Constructor.java:483)
at org.openqa.selenium.remote.http.W3CHttpResponseCodec.createException(W3CHttpResponseCodec.java:187)
at org.openqa.selenium.remote.http.W3CHttpResponseCodec.decode(W3CHttpResponseCodec.java:122)
at org.openqa.selenium.remote.http.W3CHttpResponseCodec.decode(W3CHttpResponseCodec.java:49)
at org.openqa.selenium.remote.HttpCommandExecutor.execute(HttpCommandExecutor.java:158)
at org.openqa.selenium.remote.service.DriverCommandExecutor.execute(DriverCommandExecutor.java:83)
at org.openqa.selenium.remote.RemoteWebDriver.execute(RemoteWebDriver.java:552)
at org.openqa.selenium.remote.RemoteWebDriver.findElement(RemoteWebDriver.java:323)
at org.openqa.selenium.remote.RemoteWebDriver.findElementByXPath(RemoteWebDriver.java:428)
at org.openqa.selenium.By$ByXPath.findElement(By.java:353)
at org.openqa.selenium.remote.RemoteWebDriver.findElement(RemoteWebDriver.java:315)
at org.openqa.selenium.support.pagefactory.DefaultElementLocator.findElement(DefaultElementLocator.java:69)
at org.openqa.selenium.support.pagefactory.internal.LocatingElementHandler.invoke(LocatingElementHandler.java:38)
at jdk.proxy2/jdk.proxy2.$Proxy16.click(Unknown Source)
at edxProject.logot.prof(logot.java:20)
at edxProject123.crossBrowserTest.afterMethod(crossBrowserTest.java:83)
at java.base/jdk.internal.reflect.DirectMethodHandleAccessor.invoke(DirectMethodHandleAccessor.java:104)
at java.base/java.lang.reflect.Method.invoke(Method.java:577)
at org.testng.internal.invokers.MethodInvocationHelper.invokeMethod(MethodInvocationHelper.java:139)
at org.testng.internal.invokers.MethodInvocationHelper.invokeMethodConsideringTimeout(MethodInvocationHelper.java:69)
at org.testng.internal.invokers.ConfigInvoker.invokeConfigurationMethod(ConfigInvoker.java:361)
at org.testng.internal.invokers.ConfigInvoker.invokeConfigurations(ConfigInvoker.java:296)
at org.testng.internal.invokers.TestInvoker.runConfigMethods(TestInvoker.java:816)
at org.testng.internal.invokers.TestInvoker.runAfterConfigurations(TestInvoker.java:785)
at org.testng.internal.invokers.TestInvoker.invokeMethod(TestInvoker.java:761)
at org.testng.internal.invokers.TestInvoker.invokeTestMethod(TestInvoker.java:221)
at org.testng.internal.invokers.MethodRunner.runInSequence(MethodRunner.java:50)
at org.testng.internal.invokers.TestInvoker$MethodInvocationAgent.invoke(TestInvoker.java:962)
at org.testng.internal.invokers.TestInvoker.invokeTestMethods(TestInvoker.java:194)
at org.testng.internal.invokers.TestMethodWorker.invokeTestMethods(TestMethodWorker.java:148)
at org.testng.internal.invokers.TestMethodWorker.run(TestMethodWorker.java:128)
at java.base/java.util.concurrent.ThreadPoolExecutor.runWorker(ThreadPoolExecutor.java:1136)
at java.base/java.util.concurrent.ThreadPoolExecutor$Worker.run(ThreadPoolExecutor.java:635)
at java.base/java.lang.Thread.run(Thread.java:833)
]]>
            </full-stacktrace>
          </exception> <!-- org.openqa.selenium.NoSuchWindowException -->
          <reporter-output>
          </reporter-output>
        </test-method> <!-- afterMethod -->
        <test-method is-config="true" signature="afterClass()[pri:0, instance:edxProject123.crossBrowserTest@747ddf94]" started-at="2022-12-06T19:53:44 IST" name="afterClass" finished-at="2022-12-06T19:53:44 IST" duration-ms="0" status="SKIP">
          <reporter-output>
          </reporter-output>
        </test-method> <!-- afterClass -->
        <test-method is-config="true" signature="afterTest()[pri:0, instance:edxProject123.crossBrowserTest@747ddf94]" started-at="2022-12-06T19:53:44 IST" name="afterTest" finished-at="2022-12-06T19:53:44 IST" duration-ms="0" status="SKIP">
          <reporter-output>
          </reporter-output>
        </test-method> <!-- afterTest -->
      </class> <!-- edxProject123.crossBrowserTest -->
    </test> <!-- FirefoxTest -->
  </suite> <!-- Suite -->
</testng-results>
